793.00000000
{'type': 'subscriptions', 'channels': [{'name': 'ticker', 'product_ids': ['ETH-USD']}]}
793.01000000
793.01000000
793.00000000
793.00000000
793.00000000
793.00000000
793.00000000
793.00000000
793.00000000
793.00000000
793.01000000
793.01000000
793.01000000
793.01000000
793.01000000
793.01000000
793.01000000
793.01000000
793.01000000
793.01000000
793.00000000
793.00000000
793.01000000
793.01000000
793.01000000
793.01000000
793.01000000
793.00000000
793.00000000
793.00000000
793.00000000
793.00000000
793.00000000
793.00000000
793.00000000
793.00000000
793.00000000
793.01000000
793.01000000
793.00000000
793.00000000
793.00000000
793.00000000
793.00000000
793.00000000
793.00000000
793.00000000
793.00000000
793.00000000
793.00000000
793.00000000
793.01000000
793.00000000
793.00000000
793.00000000
793.00000000
793.00000000
793.00000000
793.00000000
793.01000000
793.00000000
793.00000000
793.00000000
793.00000000
793.00000000
793.00000000
793.00000000
793.00000000
793.00000000
793.00000000
793.00000000
793.00000000
793.00000000
793.00000000
793.00000000
793.00000000
793.00000000
793.00000000
793.00000000
793.01000000
793.01000000
793.00000000
793.00000000
793.00000000
793.00000000
793.00000000
793.00000000
793.00000000
793.00000000
793.00000000
793.00000000
793.00000000
793.00000000
793.00000000
793.00000000
793.00000000
793.00000000
793.00000000
793.00000000
793.00000000
793.00000000
793.00000000
793.01000000
793.00000000
793.00000000
793.00000000
793.00000000
793.00000000
793.00000000
793.00000000
793.00000000
793.00000000
793.00000000
793.00000000
793.00000000
793.00000000
793.00000000
793.00000000
793.00000000
793.00000000
793.00000000
793.00000000
793.00000000
793.00000000
793.00000000
793.01000000
793.00000000
793.00000000
793.00000000
793.00000000
793.00000000
793.00000000
793.00000000
793.00000000
793.00000000
793.00000000
793.00000000
793.00000000
793.00000000
793.01000000
793.00000000
793.00000000
793.00000000
793.00000000
793.00000000
793.00000000
793.00000000
793.00000000
793.00000000
793.00000000
793.00000000
793.00000000
793.01000000
793.00000000
793.00000000
793.00000000
793.00000000
793.00000000
793.00000000
793.00000000
793.00000000
793.00000000
793.00000000
793.00000000
793.00000000
793.00000000
793.00000000
793.00000000
793.00000000
793.00000000
793.00000000
793.00000000
793.00000000
793.00000000
793.00000000
793.00000000
793.01000000
793.01000000
793.01000000
793.00000000
793.00000000
793.00000000
793.00000000
793.00000000
793.00000000
793.00000000
793.00000000
793.00000000
793.00000000
793.00000000
793.00000000
793.01000000
793.00000000
793.00000000
793.00000000
793.00000000
793.00000000
793.00000000
793.00000000
793.00000000
793.00000000
793.00000000
793.01000000
793.00000000
793.00000000
793.00000000
793.00000000
793.00000000
793.00000000
793.00000000
793.00000000
793.01000000
793.00000000
793.00000000
793.00000000
793.00000000
793.01000000
793.00000000
793.00000000
793.00000000
793.00000000
793.00000000
793.00000000
793.00000000
793.00000000
793.00000000
793.00000000
793.00000000
793.00000000
793.00000000
793.00000000
793.00000000
793.00000000
793.00000000
793.00000000
793.00000000
793.00000000
793.01000000
793.01000000
793.01000000
793.01000000
793.01000000
793.01000000
793.01000000
793.00000000
793.01000000
793.01000000
793.00000000
793.00000000
793.00000000
793.00000000
793.00000000
793.00000000
793.00000000
793.00000000
793.00000000
793.00000000
793.00000000
793.00000000
793.00000000
793.00000000
793.00000000
793.00000000
793.01000000
793.01000000
793.00000000
793.00000000
793.00000000
793.00000000
793.00000000
793.00000000
793.01000000
793.00000000
793.00000000
793.00000000
793.00000000
793.00000000
793.00000000
793.00000000
793.00000000
793.00000000
793.00000000
793.01000000
793.00000000
793.00000000
793.00000000
793.00000000
793.00000000
793.00000000
793.00000000
793.00000000
793.00000000
793.00000000
793.01000000
793.01000000
793.01000000
793.01000000
793.01000000
793.01000000
793.01000000
793.01000000
793.01000000
793.01000000
793.01000000
793.01000000
793.01000000
793.01000000
793.00000000
793.01000000
793.01000000
793.01000000
793.00000000
793.00000000
793.00000000
793.00000000
793.00000000
793.00000000
793.00000000
793.00000000
793.00000000
793.00000000
793.00000000
793.00000000
793.01000000
793.01000000
793.01000000
793.00000000
793.00000000
793.00000000
793.00000000
793.00000000
793.00000000
793.00000000
793.00000000
793.00000000
793.00000000
793.00000000
793.00000000
793.00000000
793.00000000
793.00000000
793.00000000
793.00000000
793.00000000
793.00000000
793.00000000
793.00000000
793.00000000
793.01000000
793.01000000
793.00000000
793.00000000
793.00000000
793.00000000
793.00000000
793.00000000
793.00000000
793.01000000
793.00000000
793.00000000
793.00000000
793.00000000
793.00000000
793.00000000
793.00000000
793.00000000
793.00000000
793.00000000
793.00000000
793.01000000
793.00000000
793.00000000
793.00000000
793.00000000
793.00000000
793.00000000
793.00000000
793.00000000
793.00000000
793.00000000
793.00000000
793.00000000
793.01000000
793.01000000
793.01000000
793.01000000
793.01000000
793.01000000
793.01000000
793.01000000
793.01000000
793.01000000
793.01000000
793.01000000
793.01000000
793.01000000
793.00000000
793.01000000
793.00000000
793.00000000
793.00000000
793.00000000
793.00000000
793.00000000
793.00000000
793.00000000
793.00000000
793.00000000
793.00000000
793.01000000
793.01000000
793.01000000
793.01000000
793.01000000
793.00000000
793.00000000
793.00000000
793.00000000
793.01000000
793.00000000
793.00000000
793.00000000
793.00000000
793.00000000
793.00000000
793.00000000
793.00000000
793.00000000
793.00000000
793.00000000
793.00000000
793.00000000
793.00000000
793.00000000
793.00000000
793.00000000
793.00000000
793.00000000
793.00000000
793.00000000
793.00000000
793.01000000
793.00000000
793.00000000
793.00000000
793.00000000
793.00000000
793.00000000
793.00000000
793.00000000
793.00000000
793.00000000
793.00000000
793.00000000
793.00000000
793.00000000
793.00000000
793.00000000
793.00000000
793.00000000
793.00000000
793.00000000
793.00000000
793.00000000
793.00000000
793.01000000
793.00000000
793.00000000
793.00000000
793.00000000
793.00000000
793.00000000
793.00000000
793.00000000
793.00000000
793.00000000
793.00000000
793.00000000
793.00000000
793.00000000
793.00000000
793.00000000
793.00000000
793.00000000
793.01000000
793.01000000
793.01000000
793.01000000
793.01000000
793.01000000
793.01000000
793.01000000
793.01000000
793.00000000
793.01000000
793.00000000
793.00000000
793.00000000
793.00000000
793.00000000
793.00000000
793.01000000
793.00000000
793.00000000
793.00000000
793.00000000
793.00000000
793.01000000
793.01000000
793.01000000
793.00000000
793.01000000
793.00000000
793.00000000
793.00000000
793.00000000
793.00000000
793.00000000
793.00000000
793.00000000
793.00000000
793.01000000
793.01000000
793.01000000
793.01000000
793.01000000
793.01000000
793.01000000
793.01000000
793.01000000
793.01000000
793.01000000
793.01000000
793.00000000
793.01000000
793.01000000
793.00000000
793.00000000
793.00000000
793.00000000
793.00000000
793.00000000
793.00000000
793.00000000
793.00000000
793.00000000
793.00000000
793.00000000
793.00000000
793.00000000
793.00000000
793.00000000
793.00000000
793.00000000
793.01000000
793.00000000
793.00000000
793.00000000
793.00000000
793.00000000
793.01000000
793.00000000
793.00000000
793.00000000
793.00000000
793.00000000
793.00000000
793.00000000
793.00000000
793.00000000
793.00000000
793.01000000
793.00000000
793.00000000
793.00000000
793.00000000
793.00000000
793.00000000
793.00000000
793.00000000
793.00000000
793.01000000
793.00000000
793.00000000
793.00000000
793.00000000
793.00000000
793.01000000
793.01000000
793.01000000
793.00000000
793.00000000
793.00000000
793.00000000
793.00000000
793.00000000
793.01000000
793.72000000
794.00000000
793.98000000
794.00000000
793.18000000
793.19000000
793.20000000
793.99000000
793.21000000
793.25000000
793.26000000
793.26000000
793.27000000
793.29000000
793.99000000
793.98000000
793.98000000
793.98000000
793.98000000
793.98000000
793.98000000
793.98000000
793.98000000
793.98000000
793.99000000
793.99000000
793.99000000
793.99000000
793.99000000
793.99000000
793.99000000
793.99000000
793.99000000
793.99000000
793.99000000
793.99000000
793.99000000
793.98000000
793.98000000
793.99000000
793.99000000
793.99000000
793.99000000
793.98000000
793.98000000
793.98000000
793.98000000
793.98000000
793.98000000
793.98000000
793.98000000
793.98000000
793.98000000
793.98000000
793.99000000
793.99000000
793.99000000
793.98000000
793.98000000
793.98000000
793.98000000
793.98000000
793.98000000
793.98000000
793.99000000
793.98000000
793.99000000
793.98000000
793.98000000
793.99000000
793.98000000
793.98000000
793.98000000
793.98000000
793.99000000
793.99000000
793.99000000
793.99000000
793.99000000
793.99000000
793.98000000
793.98000000
793.98000000
793.98000000
793.98000000
793.98000000
793.98000000
793.98000000
793.98000000
793.98000000
793.98000000
793.98000000
793.98000000
793.98000000
793.98000000
793.98000000
793.99000000
793.99000000
793.99000000
793.98000000
793.98000000
793.98000000
793.98000000
793.98000000
793.98000000
793.98000000
793.98000000
793.98000000
793.98000000
793.98000000
793.98000000
793.98000000
793.98000000
793.98000000
793.99000000
793.98000000
793.98000000
793.98000000
793.98000000
793.98000000
793.98000000
793.98000000
793.98000000
793.99000000
793.99000000
793.98000000
793.98000000
793.98000000
793.99000000
793.99000000
793.99000000
793.99000000
793.99000000
793.99000000
793.98000000
793.99000000
793.99000000
793.99000000
793.99000000
793.99000000
793.99000000
793.99000000
793.98000000
793.99000000
793.99000000
793.99000000
793.99000000
793.99000000
794.00000000
794.00000000
793.98000000
793.98000000
794.00000000
793.98000000
793.98000000
793.98000000
794.00000000
794.00000000
794.00000000
793.98000000
794.00000000
793.99000000
793.99000000
793.99000000
793.99000000
793.99000000
793.99000000
793.99000000
793.99000000
793.99000000
793.99000000
793.99000000
793.99000000
794.00000000
794.07000000
794.50000000
794.51000000
794.49000000
794.47000000
794.47000000
794.47000000
794.47000000
794.47000000
794.47000000
794.47000000
794.47000000
794.47000000
794.47000000
794.47000000
794.47000000
794.47000000
794.46000000
794.42000000
794.42000000
793.98000000
793.98000000
793.98000000
793.98000000
793.98000000
793.98000000
793.98000000
794.37000000
794.37000000
794.37000000
794.37000000
794.37000000
794.36000000
794.37000000
794.42000000
794.42000000
794.36000000
794.36000000
794.00000000
794.00000000
793.99000000
793.99000000
793.99000000
793.99000000
793.99000000
793.99000000
793.99000000
793.99000000
793.99000000
793.99000000
793.98000000
793.99000000
793.99000000
793.99000000
793.99000000
793.99000000
793.99000000
793.99000000
793.99000000
793.98000000
793.98000000
793.98000000
793.98000000
793.98000000
793.98000000
793.99000000
793.99000000
793.99000000
793.98000000
793.99000000
793.98000000
793.98000000
793.98000000
793.98000000
793.98000000
793.98000000
793.98000000
793.98000000
793.98000000
793.98000000
793.98000000
793.99000000
793.99000000
793.99000000
793.98000000
793.99000000
793.98000000
793.98000000
793.98000000
793.98000000
793.98000000
794.40000000
794.42000000
793.98000000
793.98000000
794.42000000
794.00000000
793.99000000
793.98000000
793.98000000
793.98000000
793.98000000
793.98000000
793.98000000
793.98000000
793.98000000
793.98000000
793.98000000
793.98000000
793.98000000
793.98000000
793.99000000
793.99000000
793.99000000
793.99000000
793.99000000
793.99000000
793.99000000
793.98000000
794.01000000
794.01000000
793.98000000
793.98000000
793.98000000
793.98000000
793.98000000
793.98000000
793.98000000
793.98000000
793.98000000
793.98000000
793.98000000
793.98000000
793.98000000
793.98000000
793.98000000
793.98000000
793.98000000
793.98000000
793.98000000
793.99000000
793.98000000
793.98000000
793.98000000
793.98000000
793.98000000
793.98000000
793.98000000
793.98000000
793.98000000
793.99000000
793.98000000
793.98000000
793.98000000
793.98000000
793.99000000
793.98000000
793.98000000
793.98000000
793.98000000
793.98000000
793.98000000
793.98000000
793.98000000
793.98000000
793.98000000
793.98000000
793.98000000
793.98000000
793.98000000
793.98000000
793.98000000
793.99000000
793.98000000
793.98000000
793.98000000
793.98000000
793.98000000
793.98000000
793.98000000
793.99000000
793.98000000
793.98000000
793.98000000
793.99000000
793.99000000
794.01000000
793.98000000
793.98000000
793.98000000
793.98000000
793.98000000
793.98000000
794.01000000
794.01000000
794.01000000
794.01000000
794.01000000
794.01000000
794.01000000
794.01000000
794.01000000
793.99000000
793.98000000
793.94000000
793.84000000
794.01000000
794.00000000
794.01000000
794.01000000
794.01000000
794.00000000
794.00000000
794.00000000
793.99000000
794.01000000
793.99000000
793.99000000
793.99000000
793.99000000
793.99000000
793.99000000
793.99000000
793.99000000
793.99000000
793.99000000
794.00000000
793.99000000
793.99000000
793.02000000
793.02000000
793.02000000
793.02000000
793.02000000
793.02000000
793.02000000
793.02000000
793.02000000
793.02000000
793.02000000
793.01000000
793.01000000
793.01000000
793.02000000
793.02000000
793.02000000
793.02000000
793.02000000
793.02000000
793.02000000
793.02000000
793.02000000
793.02000000
793.01000000
793.02000000
793.02000000
793.02000000
793.02000000
793.02000000
793.01000000
793.01000000
793.01000000
793.01000000
793.01000000
793.01000000
793.01000000
793.01000000
793.01000000
793.01000000
793.01000000
793.01000000
793.01000000
793.01000000
793.01000000
793.02000000
793.01000000
793.01000000
793.01000000
793.01000000
793.01000000
793.01000000
793.01000000
793.01000000
793.01000000
793.01000000
793.01000000
793.01000000
793.01000000
793.01000000
793.01000000
793.01000000
793.01000000
793.01000000
793.01000000
793.02000000
793.01000000
793.01000000
793.01000000
793.01000000
793.01000000
793.01000000
793.01000000
793.01000000
793.01000000
793.01000000
793.01000000
793.01000000
793.01000000
793.01000000
793.01000000
793.01000000
793.01000000
793.01000000
793.01000000
793.01000000
793.01000000
793.01000000
793.01000000
793.01000000
793.02000000
793.01000000
793.01000000
793.01000000
793.01000000
793.01000000
793.01000000
793.02000000
793.01000000
793.02000000
793.01000000
793.01000000
793.01000000
793.01000000
793.01000000
793.01000000
793.01000000
793.01000000
793.03000000
793.01000000
793.03000000
793.03000000
793.03000000
793.03000000
793.03000000
793.03000000
793.03000000
793.03000000
793.03000000
793.03000000
793.01000000
793.03000000
793.03000000
793.01000000
793.01000000
793.01000000
793.01000000
793.01000000
793.01000000
793.02000000
793.02000000
793.02000000
793.01000000
793.01000000
793.01000000
793.01000000
793.01000000
793.01000000
793.01000000
793.01000000
793.01000000
793.01000000
793.01000000
793.01000000
793.01000000
793.01000000
793.02000000
793.02000000
793.02000000
793.01000000
793.01000000
793.01000000
793.02000000
793.01000000
793.01000000
793.02000000
793.02000000
793.02000000
793.02000000
793.02000000
793.02000000
793.02000000
793.02000000
793.02000000
793.02000000
793.02000000
793.01000000
793.02000000
793.02000000
793.02000000
793.02000000
793.02000000
793.02000000
793.02000000
793.02000000
793.02000000
793.01000000
793.02000000
793.02000000
793.02000000
793.01000000
793.01000000
793.01000000
793.01000000
793.01000000
793.01000000
793.00000000
793.00000000
793.00000000
793.00000000
793.00000000
793.00000000
793.02000000
793.00000000
793.00000000
793.00000000
793.00000000
793.00000000
793.00000000
793.00000000
793.00000000
793.00000000
793.00000000
793.00000000
793.00000000
793.00000000
793.00000000
793.00000000
793.00000000
793.01000000
793.00000000
793.01000000
793.00000000
793.00000000
793.01000000
793.01000000
793.00000000
793.00000000
793.00000000
793.00000000
793.00000000
793.01000000
793.00000000
793.00000000
793.00000000
793.01000000
793.01000000
793.01000000
793.00000000
793.00000000
793.00000000
793.00000000
793.00000000
793.00000000
793.00000000
793.00000000
793.00000000
793.00000000
793.00000000
793.01000000
793.01000000
793.00000000
793.00000000
793.00000000
793.00000000
793.00000000
793.00000000
793.01000000
793.01000000
793.01000000
793.00000000
793.00000000
793.00000000
793.00000000